\BOOKMARK [1][-]{section.1}{Introduction}{}% 1
\BOOKMARK [1][-]{section.2}{Literature Review}{}% 2
\BOOKMARK [2][-]{subsection.2.1}{Brief Background on Cryptocurrency}{section.2}% 3
\BOOKMARK [2][-]{subsection.2.2}{Relevant studies about Cryptocurrency from financial perspective}{section.2}% 4
\BOOKMARK [3][-]{subsubsection.2.2.1}{Detection of Market Efficiency}{subsection.2.2}% 5
\BOOKMARK [3][-]{subsubsection.2.2.2}{Monetary Attribute}{subsection.2.2}% 6
\BOOKMARK [3][-]{subsubsection.2.2.3}{Price Formation}{subsection.2.2}% 7
\BOOKMARK [3][-]{subsubsection.2.2.4}{Investment and Hedging Risk}{subsection.2.2}% 8
\BOOKMARK [2][-]{subsection.2.3}{Summary of Literature}{section.2}% 9
\BOOKMARK [1][-]{section.3}{Data and Methodology}{}% 10
\BOOKMARK [2][-]{subsection.3.1}{Data}{section.3}% 11
\BOOKMARK [3][-]{subsubsection.3.1.1}{Data Source}{subsection.3.1}% 12
\BOOKMARK [3][-]{subsubsection.3.1.2}{Volatility Computation}{subsection.3.1}% 13
\BOOKMARK [3][-]{subsubsection.3.1.3}{Descriptive Statistics and Test of Stationary}{subsection.3.1}% 14
\BOOKMARK [2][-]{subsection.3.2}{Methodology}{section.3}% 15
\BOOKMARK [3][-]{subsubsection.3.2.1}{Generalized Variance Decomposition}{subsection.3.2}% 16
\BOOKMARK [3][-]{subsubsection.3.2.2}{The DCC-GARCH Model}{subsection.3.2}% 17
\BOOKMARK [3][-]{subsubsection.3.2.3}{Summary of Methodology}{subsection.3.2}% 18
\BOOKMARK [1][-]{section.4}{Empirical Findings and Discussion}{}% 19
\BOOKMARK [2][-]{subsection.4.1}{Full Sample Performances}{section.4}% 20
\BOOKMARK [2][-]{subsection.4.2}{Staged Performances}{section.4}% 21
\BOOKMARK [3][-]{subsubsection.4.2.1}{Hedge Driving}{subsection.4.2}% 22
\BOOKMARK [3][-]{subsubsection.4.2.2}{Driving China' financial market opening up}{subsection.4.2}% 23
\BOOKMARK [3][-]{subsubsection.4.2.3}{Bitcoin Dollarization?}{subsection.4.2}% 24
\BOOKMARK [2][-]{subsection.4.3}{Robustness Analysis}{section.4}% 25
\BOOKMARK [3][-]{subsubsection.4.3.1}{DCC-GARCH Model}{subsection.4.3}% 26
\BOOKMARK [3][-]{subsubsection.4.3.2}{Granger Test}{subsection.4.3}% 27
\BOOKMARK [1][-]{section.5}{Conclusions and Implications}{}% 28
